[2023-06-23 12:29:06,459]21 root - INFO -Data Ingestion method Starts
[2023-06-23 12:29:09,026]27 root - INFO -Dataset read as pandas DataFrame
[2023-06-23 12:29:09,173]31 root - INFO -Train test split
[2023-06-23 12:29:09,358]37 root - INFO -Ingestion of data is completed
[2023-06-23 12:29:09,479]55 root - INFO -Read train and test data is completed 
[2023-06-23 12:29:09,485]56 root - INFO -Train DataFrame Head :
      ID  LIMIT_BAL  SEX  EDUCATION  MARRIAGE  AGE  PAY_0  PAY_2  PAY_3  PAY_4  PAY_5  PAY_6  BILL_AMT1  BILL_AMT2  BILL_AMT3  BILL_AMT4  BILL_AMT5  BILL_AMT6  PAY_AMT1  PAY_AMT2  PAY_AMT3  PAY_AMT4  PAY_AMT5  PAY_AMT6  default payment next month
0  29239      50000    1          3         2   24      1      2      0      0     -1     -1      50645      48259      45079      30783       1727        150         0      2177      1702      2000       350         0                           0
1   9006      50000    2          3         2   48      0     -1     -1     -1     -1      0       1500       2000       1382       -118      13656      13927      2000      1382         0     13925       498       516                           0
2  22763     180000    2          3         1   36     -2     -2     -2     -1     -1     -1      11540        633        606      20972        940       1383       633       606     20999       940      1383         0                           0
3  27259     530000    1          1         1   35      0      0      0      0      0      0     339912     335081     333120     304353     282876     288945     12188     12639     11123      9600     10028     16947                           0
4   5330     170000    1          2         2   41     -2     -2     -2     -2     -1     -1       6175       7404       7829       2218       3972       3643      7417      7862      2218      4866      3643      2732                           0
[2023-06-23 12:29:09,489]57 root - INFO -Test DataFrame Head :
      ID  LIMIT_BAL  SEX  EDUCATION  MARRIAGE  AGE  PAY_0  PAY_2  PAY_3  PAY_4  PAY_5  PAY_6  BILL_AMT1  BILL_AMT2  BILL_AMT3  BILL_AMT4  BILL_AMT5  BILL_AMT6  PAY_AMT1  PAY_AMT2  PAY_AMT3  PAY_AMT4  PAY_AMT5  PAY_AMT6  default payment next month
0  26374     240000    2          2         1   43     -1     -1     -2     -1     -1     -1         54          0          0        177        199        559         0         0       177       200       559         0                           0
1  25855     130000    2          1         2   30     -1     -1     -1     -1     -1     -1       5002       2437       2448       5457       3855       4684      2437      2774      5457      3855      4684       843                           0
2  19725     270000    2          2         2   28      0      0      0      0      0      0      38875      38589      27846      21787      16429       5488      6000      2000      1200       330      2000      8258                           0
3  17758     360000    2          2         1   54      0      0      0      0      0      0     277688     271867     272796     279597     253333     253737     10450     10414     11330      9081      9500      9000                           0
4   5433      80000    1          2         2   28     -1      0      0      0      0      0      77701      19577      22033      57522      58939      60790      2000      2800     36000      2500      3000      5000                           0
[2023-06-23 12:29:09,489]59 root - INFO -Obtaining Preprocessing object 
[2023-06-23 12:29:09,490]26 root - INFO -Data Tranformation is initiated
[2023-06-23 12:29:09,490]31 root - INFO -Pipeline Initiated
