[2023-06-23 12:37:22,989]21 root - INFO -Data Ingestion method Starts
[2023-06-23 12:37:25,277]27 root - INFO -Dataset read as pandas DataFrame
[2023-06-23 12:37:25,439]31 root - INFO -Train test split
[2023-06-23 12:37:25,654]37 root - INFO -Ingestion of data is completed
[2023-06-23 12:37:25,729]55 root - INFO -Read train and test data is completed 
[2023-06-23 12:37:25,735]56 root - INFO -Train DataFrame Head :
      ID  LIMIT_BAL  SEX  EDUCATION  MARRIAGE  AGE  PAY_0  PAY_2  PAY_3  PAY_4  PAY_5  PAY_6  BILL_AMT1  BILL_AMT2  BILL_AMT3  BILL_AMT4  BILL_AMT5  BILL_AMT6  PAY_AMT1  PAY_AMT2  PAY_AMT3  PAY_AMT4  PAY_AMT5  PAY_AMT6  default payment next month
0   8645      40000    1          2         2   36      1     -2     -2     -2     -2     -2          0          0          0          0          0          0         0         0         0     10000         0         0                           0
1    251      50000    2          2         2   26      1      2      2      0      0      0      50867      51486      48869      30115      29527      29998      1710       136      1206      2002      2005      3003                           0
2   4798     310000    2          2         2   32      0      0      0      0      0      0      51007      50644      50109      49339      49177      48754      2200      2100      1700      2000      1800      2000                           0
3  28187     150000    2          1         1   33     -1      0     -1     -1     -1     -1      20441      26417       1091       5933       1517       1787      6549      1096      5962      1524      1795      1525                           0
4  23499     230000    2          1         2   33      0     -1     -1     -1     -1     -1       7990      13450      56729      -1310       6734      87161     13450     56729         0      8044     87161      5000                           0
[2023-06-23 12:37:25,781]57 root - INFO -Test DataFrame Head :
      ID  LIMIT_BAL  SEX  EDUCATION  MARRIAGE  AGE  PAY_0  PAY_2  PAY_3  PAY_4  PAY_5  PAY_6  BILL_AMT1  BILL_AMT2  BILL_AMT3  BILL_AMT4  BILL_AMT5  BILL_AMT6  PAY_AMT1  PAY_AMT2  PAY_AMT3  PAY_AMT4  PAY_AMT5  PAY_AMT6  default payment next month
0   4113     280000    2          1         2   28     -2     -2     -2     -2     -2     -2      21670      15767      15288       4923      19616       5191     15846     15364      9948     19693      5216       488                           0
1  11589     280000    1          2         2   30     -1     -1     -1     -1     -1     -1        651       1650        651        651        651        651      1650       651       651       651       651         0                           0
2   9273     100000    2          2         1   40      2      2      2      2      2      2      44421      45504      46157      46900      47999      49057      2100      1700      1800      2000      2000      2000                           1
3   4906     290000    2          1         1   34     -1     -1     -1      0      0     -2        111          0        904        904          0          0         0       904         0         0         0      6397                           0
4  17377      70000    2          2         1   42      0      0      0      0      0      0      24133      24741      25074      25978      26341      26093      1702      1424      1717      1080      1094       969                           0
[2023-06-23 12:37:25,782]59 root - INFO -Obtaining Preprocessing object 
[2023-06-23 12:37:25,782]26 root - INFO -Data Tranformation is initiated
[2023-06-23 12:37:25,782]31 root - INFO -Pipeline Initiated
