[2023-06-23 12:25:50,392]21 root - INFO -Data Ingestion method Starts
[2023-06-23 12:25:52,616]27 root - INFO -Dataset read as pandas DataFrame
[2023-06-23 12:25:52,753]31 root - INFO -Train test split
[2023-06-23 12:25:53,022]37 root - INFO -Ingestion of data is completed
[2023-06-23 12:25:53,108]55 root - INFO -Read train and test data is completed 
[2023-06-23 12:25:53,114]56 root - INFO -Train DataFrame Head :
      ID  LIMIT_BAL  SEX  EDUCATION  MARRIAGE  AGE  PAY_0  PAY_2  PAY_3  PAY_4  PAY_5  PAY_6  BILL_AMT1  BILL_AMT2  BILL_AMT3  BILL_AMT4  BILL_AMT5  BILL_AMT6  PAY_AMT1  PAY_AMT2  PAY_AMT3  PAY_AMT4  PAY_AMT5  PAY_AMT6  default payment next month
0   4647     140000    1          2         2   50      0      0      0      0      0     -2      98668      88727      27203      27209     -20006     -30177      4410      1804     14000     10968         0     82000                           0
1   8581     230000    2          1         2   32      0      0      0      0      0      0     195409     203432     180786      95445      63048      99961     21844     14105     21124      2520     50961      2670                           0
2  18003     100000    1          2         2   30      0      0      0      0      0      0      55776      44953      46922      48677      49496      51010      3000      3000      3000      2000      2000      2000                           0
3   3360     120000    1          2         2   34      0      0      0      0      0      2     131773      58259      54699      54832      53693      48731      3000      1944      5000      3692         0      2000                           0
4   4527     270000    1          1         1   37      0      0      0      0      0      0     156346     159223     165480      76144      77944      76577      7000      9000      5000      3000      3000      3000                           1
[2023-06-23 12:25:53,155]57 root - INFO -Test DataFrame Head :
      ID  LIMIT_BAL  SEX  EDUCATION  MARRIAGE  AGE  PAY_0  PAY_2  PAY_3  PAY_4  PAY_5  PAY_6  BILL_AMT1  BILL_AMT2  BILL_AMT3  BILL_AMT4  BILL_AMT5  BILL_AMT6  PAY_AMT1  PAY_AMT2  PAY_AMT3  PAY_AMT4  PAY_AMT5  PAY_AMT6  default payment next month
0  25078     200000    1          1         1   48     -1     -1     -1     -1      0     -1        419        419        392        423        404        415       419       392       450       400       430       430                           0
1  27713     280000    2          1         2   25     -2     -2     -2     -2     -2     -2        985        500        500          0        500       4778       505       500         0       500      4778      4898                           0
2  26174      10000    2          2         2   46      2      0      0      2      2      3       1526       2496       4245       4525       5450       5073      1000      1800       500      1000         0         0                           1
3  23112      80000    2          2         2   28      2      2     -1     -1     -1     -1        260        130        130        130        130        130         0       130       130       130       130       130                           1
4  19550     360000    2          1         2   32      0      0      0      0      0      0      11358      17580      17416      14789      11800      21831      7079      7000      5000         0     11831     13000                           1
[2023-06-23 12:25:53,155]59 root - INFO -Obtaining Preprocessing object 
[2023-06-23 12:25:53,155]26 root - INFO -Data Tranformation is initiated
[2023-06-23 12:25:53,155]31 root - INFO -Pipeline Initiated
