[2023-06-23 12:51:52,931]21 root - INFO -Data Ingestion method Starts
[2023-06-23 12:51:54,417]27 root - INFO -Dataset read as pandas DataFrame
[2023-06-23 12:51:54,523]31 root - INFO -Train test split
[2023-06-23 12:51:54,630]37 root - INFO -Ingestion of data is completed
[2023-06-23 12:51:54,708]55 root - INFO -Read train and test data is completed 
[2023-06-23 12:51:54,712]56 root - INFO -Train DataFrame Head :
      ID  LIMIT_BAL  SEX  EDUCATION  MARRIAGE  AGE  PAY_0  PAY_2  PAY_3  PAY_4  PAY_5  PAY_6  BILL_AMT1  BILL_AMT2  BILL_AMT3  BILL_AMT4  BILL_AMT5  BILL_AMT6  PAY_AMT1  PAY_AMT2  PAY_AMT3  PAY_AMT4  PAY_AMT5  PAY_AMT6  default payment next month
0   3567     480000    1          2         1   39      0      0      0      0      0      0     398380     394515     393648     330221     296004     279768     20091     25370     15203     12013     12013     10135                           0
1  14702     280000    1          2         1   37      0      0      0      0      0     -1     149227     152331     153080     156000     160000      40485      5505      3258      3120      4000    100045     10000                           0
2   8952      20000    1          3         1   28      1     -2     -2     -2     -2     -2          0          0          0          0          0          0         0         0         0         0         0         0                           0
3  15831     120000    2          2         2   27      0      0      0      0      0     -1      57449      38254      23017      14440       4770       1595      1743      1640      1010        95      1595         0                           0
4  15447      30000    1          2         2   22      0      0      0      0      0      0      30465      27943      14588      30158      29562      29818      1630      2231     16310      1051      1103      1003                           0
[2023-06-23 12:51:54,726]57 root - INFO -Test DataFrame Head :
      ID  LIMIT_BAL  SEX  EDUCATION  MARRIAGE  AGE  PAY_0  PAY_2  PAY_3  PAY_4  PAY_5  PAY_6  BILL_AMT1  BILL_AMT2  BILL_AMT3  BILL_AMT4  BILL_AMT5  BILL_AMT6  PAY_AMT1  PAY_AMT2  PAY_AMT3  PAY_AMT4  PAY_AMT5  PAY_AMT6  default payment next month
0  28141     180000    2          1         2   44     -2     -2     -2     -2     -2     -2      16891          0        521          0          0          0         0       521         0         0         0     10622                           0
1   5775      20000    2          3         2   49      0      0      0      0      0      0      19437      20154      18957      19334      19373      19460      1337      2000       666       714       810       600                           0
2  14358      50000    2          2         2   34     -2     -1     -1      0      0     -2      23264      13573      13876      13789        725          0     13573     13876       276       725         0         0                           0
3  12017     120000    2          2         2   26      0      0      0     -2     -2     -1       4787       6190          0          0          0       4800      1500         0         0         0      4800         0                           0
4  24739      60000    1          2         1   45      0      0      0      0      0      0      67719      69501      58536      56705      18352      18195      3000     12423      2000      2000      1000      1000                           0
[2023-06-23 12:51:54,726]59 root - INFO -Obtaining Preprocessing object 
[2023-06-23 12:51:54,726]26 root - INFO -Data Tranformation is initiated
[2023-06-23 12:51:54,726]31 root - INFO -Pipeline Initiated
