[2023-06-23 12:46:05,759]21 root - INFO -Data Ingestion method Starts
[2023-06-23 12:46:07,365]27 root - INFO -Dataset read as pandas DataFrame
[2023-06-23 12:46:07,497]31 root - INFO -Train test split
[2023-06-23 12:46:07,653]37 root - INFO -Ingestion of data is completed
[2023-06-23 12:46:07,757]55 root - INFO -Read train and test data is completed 
[2023-06-23 12:46:07,762]56 root - INFO -Train DataFrame Head :
      ID  LIMIT_BAL  SEX  EDUCATION  MARRIAGE  AGE  PAY_0  PAY_2  PAY_3  PAY_4  PAY_5  PAY_6  BILL_AMT1  BILL_AMT2  BILL_AMT3  BILL_AMT4  BILL_AMT5  BILL_AMT6  PAY_AMT1  PAY_AMT2  PAY_AMT3  PAY_AMT4  PAY_AMT5  PAY_AMT6  default payment next month
0   9882     470000    1          2         2   29      0      0      0      0      0      0      59235      47091      34901      33953      34188      35444      3106      5017      3007      2001      2093     10076                           0
1  18023      50000    1          2         1   49      0      0      0      0      0      0      33346      33536      34923      37192      39341      27561      2000      3500      3000      3000      5000      5000                           1
2  10674     210000    2          3         2   28     -1     -1     -2     -1     -1     -1       1082          0          0        232          0        150         0         0       232         0       150        81                           0
3  11895      60000    1          2         1   32      0      0      0      0      0      0      56228      56861      58152      58615      54338      55915      2147      4740      1926      2597      2638      2478                           0
4  22381     200000    2          1         2   32     -2     -2     -2     -2     -2     -2       6890      11002        517      11212      19090      24949     11002       517     11214     19116     24949     10904                           0
[2023-06-23 12:46:07,765]57 root - INFO -Test DataFrame Head :
      ID  LIMIT_BAL  SEX  EDUCATION  MARRIAGE  AGE  PAY_0  PAY_2  PAY_3  PAY_4  PAY_5  PAY_6  BILL_AMT1  BILL_AMT2  BILL_AMT3  BILL_AMT4  BILL_AMT5  BILL_AMT6  PAY_AMT1  PAY_AMT2  PAY_AMT3  PAY_AMT4  PAY_AMT5  PAY_AMT6  default payment next month
0  28039     200000    2          2         2   29      0      0      0      0      0      0     204134     194949     153646     137087     134995     135953      8000      5542      5308      4587      4750      4935                           1
1  23280     360000    2          2         1   37     -2     -2     -2     -2     -2     -2      10072       7728       2344       9536       9043          0      7728      2344      9536      9043         0      2909                           0
2  26953     310000    1          2         1   41      0      0      0      0      0      0     324628     305869     312567     291153     159545      97438     12000     12124     10300      8168      5500      3081                           0
3  15462      20000    1          3         2   41      1      2     -1     -1     -1     -1       9913       3261       1491        390        390        390        50      1491      2500       390       390         0                           0
4  20327     390000    2          1         1   53     -1     -1     -2     -2     -1      0        611          0          0          0        343       1343         0         0         0       343      1000      1076                           0
[2023-06-23 12:46:07,765]59 root - INFO -Obtaining Preprocessing object 
[2023-06-23 12:46:07,765]26 root - INFO -Data Tranformation is initiated
[2023-06-23 12:46:07,766]31 root - INFO -Pipeline Initiated
