[2023-06-23 12:53:40,087]21 root - INFO -Data Ingestion method Starts
[2023-06-23 12:53:41,581]27 root - INFO -Dataset read as pandas DataFrame
[2023-06-23 12:53:41,701]31 root - INFO -Train test split
[2023-06-23 12:53:41,812]37 root - INFO -Ingestion of data is completed
[2023-06-23 12:53:41,887]55 root - INFO -Read train and test data is completed 
[2023-06-23 12:53:41,891]56 root - INFO -Train DataFrame Head :
      ID  LIMIT_BAL  SEX  EDUCATION  MARRIAGE  AGE  PAY_0  PAY_2  PAY_3  PAY_4  PAY_5  PAY_6  BILL_AMT1  BILL_AMT2  BILL_AMT3  BILL_AMT4  BILL_AMT5  BILL_AMT6  PAY_AMT1  PAY_AMT2  PAY_AMT3  PAY_AMT4  PAY_AMT5  PAY_AMT6  default payment next month
0  21644     310000    2          1         2   26     -2     -2     -2     -2     -2     -2        297          0          0          0          0          0         0         0         0         0         0         0                           0
1  29810      20000    1          3         1   48      0      0      3      2      5      4      10805      15270      14740      18188      17630      16780      5000         0      4000         0         0         0                           1
2    682     230000    2          1         2   29     -2     -2     -2     -2     -2     -2          0          0       1024          0          0          0         0      1024         0         0         0         0                           0
3  26405     120000    2          2         1   46     -2     -2     -2     -2     -2     -2          0          0          0          0          0          0         0         0         0         0         0         0                           1
4  20380      20000    1          2         2   24      2      3      2      2      3      2      21034      19839      18663      20394      19228      19615         0         0      2616         0      1400         0                           0
[2023-06-23 12:53:41,893]57 root - INFO -Test DataFrame Head :
      ID  LIMIT_BAL  SEX  EDUCATION  MARRIAGE  AGE  PAY_0  PAY_2  PAY_3  PAY_4  PAY_5  PAY_6  BILL_AMT1  BILL_AMT2  BILL_AMT3  BILL_AMT4  BILL_AMT5  BILL_AMT6  PAY_AMT1  PAY_AMT2  PAY_AMT3  PAY_AMT4  PAY_AMT5  PAY_AMT6  default payment next month
0  26825     100000    1          1         2   27      0      0      0      0      0      0     100751      99777      99479      94028      14578      33254      3592      4252      2620       408     26130       653                           0
1  11076      50000    1          3         3   45     -1      0     -1     -1     -1     -1      24077      22385       3000       5260       1025       5900      1000      3008      5260      1025      5900      2800                           0
2   8065      20000    2          2         1   51     -1     -1     -2     -2     -2     -2      10400          0          0          0          0          0         0         0      2000         0         0         0                           0
3  11858     240000    1          2         1   44      0     -1     -1     -2     -1      0       8421      14201        -28       -401       5109       7001     14230         0         0      7000      2000      3919                           0
4   9101      20000    1          2         2   39      0      0      0      0      0      0      15972      16432      17618      17365      17719      17740      1500      1600       347       354       355         0                           1
[2023-06-23 12:53:41,893]59 root - INFO -Obtaining Preprocessing object 
[2023-06-23 12:53:41,893]26 root - INFO -Data Tranformation is initiated
[2023-06-23 12:53:41,894]31 root - INFO -Pipeline Initiated
[2023-06-23 12:53:41,958]77 root - INFO -Applying preprocesssing object on training and testing datasets. 
[2023-06-23 12:53:41,962]84 root - INFO -Preprocessor Pickele file saved
