[2023-06-23 12:31:39,110]21 root - INFO -Data Ingestion method Starts
[2023-06-23 12:31:41,632]27 root - INFO -Dataset read as pandas DataFrame
[2023-06-23 12:31:41,773]31 root - INFO -Train test split
[2023-06-23 12:31:41,998]37 root - INFO -Ingestion of data is completed
[2023-06-23 12:31:42,089]55 root - INFO -Read train and test data is completed 
[2023-06-23 12:31:42,098]56 root - INFO -Train DataFrame Head :
      ID  LIMIT_BAL  SEX  EDUCATION  MARRIAGE  AGE  PAY_0  PAY_2  PAY_3  PAY_4  PAY_5  PAY_6  BILL_AMT1  BILL_AMT2  BILL_AMT3  BILL_AMT4  BILL_AMT5  BILL_AMT6  PAY_AMT1  PAY_AMT2  PAY_AMT3  PAY_AMT4  PAY_AMT5  PAY_AMT6  default payment next month
0  14749     150000    1          2         1   38     -1     -1     -1     -1     -1     -1        509      14310        980       1000       1132       8774     14310       980      1000      1132      8774     10867                           0
1  27049     130000    1          3         1   43      2      2      2      2      2      2      55544      57428      58917      60352      61167      63042      3400      3000      3000      2400      3000      2400                           0
2  12022      80000    1          3         1   52      1      2      2      2      2      2      13701      13034       4119       2705       2855       1411         0      1200         0      1411         0       390                           1
3  24617     360000    1          2         1   40     -1     -1     -1     -1      0     -1        250       1088       3189       3093       4019       2407      1088      3215      3104      2026      2414      8089                           1
4   4449      30000    1          3         2   25     -2     -2     -2     -2     -2     -2        780          0        390        749        390          0         0       390       749       390         0       805                           1
[2023-06-23 12:31:42,104]57 root - INFO -Test DataFrame Head :
      ID  LIMIT_BAL  SEX  EDUCATION  MARRIAGE  AGE  PAY_0  PAY_2  PAY_3  PAY_4  PAY_5  PAY_6  BILL_AMT1  BILL_AMT2  BILL_AMT3  BILL_AMT4  BILL_AMT5  BILL_AMT6  PAY_AMT1  PAY_AMT2  PAY_AMT3  PAY_AMT4  PAY_AMT5  PAY_AMT6  default payment next month
0  22824     100000    2          2         2   41     -1     -1     -2     -1      0      0       1023          0          0      50063      22767      23399         0         0     50063       900      1000      1000                           0
1   2259     140000    2          2         2   33      0      0      0      0      0      0      56426      41717      42823      25224      26855      23783      2000      2000       900      2000     10000      5000                           0
2  14344     360000    2          2         1   27      0      0      0      0      0      0     241584     249687     250227     123146     101486      93700    124900      6850      4129      5000      2790      2000                           0
3   6692     160000    1          3         2   38      0      0      0      0      0      0      47269      45688      47690      48712      49525      50389      2767      2769      1791      1928      1960      1461                           0
4   3832      60000    1          2         2   28      0      0      0      0      0      2      42243      37131      38136      38903      41483      40257      7773      1628      1395      3210         0      2000                           0
[2023-06-23 12:31:42,105]59 root - INFO -Obtaining Preprocessing object 
[2023-06-23 12:31:42,105]26 root - INFO -Data Tranformation is initiated
[2023-06-23 12:31:42,105]31 root - INFO -Pipeline Initiated
