[2023-06-23 12:56:01,129]21 root - INFO -Data Ingestion method Starts
[2023-06-23 12:56:02,455]27 root - INFO -Dataset read as pandas DataFrame
[2023-06-23 12:56:02,561]31 root - INFO -Train test split
[2023-06-23 12:56:02,668]37 root - INFO -Ingestion of data is completed
[2023-06-23 12:56:02,747]55 root - INFO -Read train and test data is completed 
[2023-06-23 12:56:02,753]56 root - INFO -Train DataFrame Head :
      ID  LIMIT_BAL  SEX  EDUCATION  MARRIAGE  AGE  PAY_0  PAY_2  PAY_3  PAY_4  PAY_5  PAY_6  BILL_AMT1  BILL_AMT2  BILL_AMT3  BILL_AMT4  BILL_AMT5  BILL_AMT6  PAY_AMT1  PAY_AMT2  PAY_AMT3  PAY_AMT4  PAY_AMT5  PAY_AMT6  default payment next month
0  18251      30000    1          2         2   52      2      2      0      0      0      0      30119      28682      29058      29320      29787      27599         0      1803      1733      1200      1200      2000                           1
1  10389      10000    1          2         2   22      0      0      0      0      0      0       6579       7599       8608       8780       9114       9234      1134      1143       315       476       420      1000                           1
2  15034     180000    1          2         1   36      2      2      2      2      2      2     114140     115764     117426     119000     120528     123451      5000      5000      5000      5000      5000         0                           1
3  16482     240000    2          4         1   59      0      0      0      0      0      0     233918     235404     236564     241075     146440     132290      8357     10001     10000     10000      5000     20000                           0
4  28302      60000    2          3         1   34      2      2      2      4      3      3       6731       7777       9502       9217       9722       9291      1300      2000         0       800         0         0                           0
[2023-06-23 12:56:02,757]57 root - INFO -Test DataFrame Head :
      ID  LIMIT_BAL  SEX  EDUCATION  MARRIAGE  AGE  PAY_0  PAY_2  PAY_3  PAY_4  PAY_5  PAY_6  BILL_AMT1  BILL_AMT2  BILL_AMT3  BILL_AMT4  BILL_AMT5  BILL_AMT6  PAY_AMT1  PAY_AMT2  PAY_AMT3  PAY_AMT4  PAY_AMT5  PAY_AMT6  default payment next month
0  17546      20000    2          3         2   48      0      0      0      0      0      0      17332      18600      17947      18758      19292      19201      1580      1367      1178       712       742      2000                           0
1  25402      90000    2          1         2   24      0      0      0      0      0      0      69542      64610      62725      57716      43970      36415      2366      4000      3000      2000      3480     15000                           0
2  10388     420000    2          1         2   33     -2     -2     -2     -2     -2     -2       6135      -2314      -3859        172       3859       8274        51         0      4031      3859      5000         0                           1
3   4874     210000    2          2         2   30      0      0      0      0      2      0      77637      80205      82549      89170      56683      10496      4400      4600      9086         0      1000     99100                           0
4  20155      20000    2          3         1   49      0      0      0      0      0      0      12165      13171      14054      14900      15000          0      1517      1400      1200       300         0         0                           0
[2023-06-23 12:56:02,758]59 root - INFO -Obtaining Preprocessing object 
[2023-06-23 12:56:02,758]26 root - INFO -Data Tranformation is initiated
[2023-06-23 12:56:02,758]31 root - INFO -Pipeline Initiated
[2023-06-23 12:56:02,824]77 root - INFO -Applying preprocesssing object on training and testing datasets. 
[2023-06-23 12:56:02,828]84 root - INFO -Preprocessor Pickele file saved
