[2023-06-23 12:49:45,872]21 root - INFO -Data Ingestion method Starts
[2023-06-23 12:49:47,236]27 root - INFO -Dataset read as pandas DataFrame
[2023-06-23 12:49:47,342]31 root - INFO -Train test split
[2023-06-23 12:49:47,451]37 root - INFO -Ingestion of data is completed
[2023-06-23 12:49:47,543]55 root - INFO -Read train and test data is completed 
[2023-06-23 12:49:47,546]56 root - INFO -Train DataFrame Head :
      ID  LIMIT_BAL  SEX  EDUCATION  MARRIAGE  AGE  PAY_0  PAY_2  PAY_3  PAY_4  PAY_5  PAY_6  BILL_AMT1  BILL_AMT2  BILL_AMT3  BILL_AMT4  BILL_AMT5  BILL_AMT6  PAY_AMT1  PAY_AMT2  PAY_AMT3  PAY_AMT4  PAY_AMT5  PAY_AMT6  default payment next month
0  22290      90000    2          2         2   31      0      0      0      0      2      2      22259      23418      24443      26695      25967      26946      1838      1408      2660         0      1400      2000                           1
1   5789     200000    2          2         1   44     -2     -2     -2     -2     -2     -2          0        138          0          0       1675         69       138         0         0      1675        69     39411                           0
2  18271      50000    1          2         2   57      0      0      0      0      2      0      51867      51136      51039      52079      49523      49128      2200      2500      4000         0      2000      2000                           0
3  28087     420000    2          3         1   39     -2     -2     -2     -2     -2     -2       2476       3570      11343       5216      23001       2439      3634     11353      5255     23001      2439         0                           0
4   8123     130000    1          2         2   30      0      0      0      0      0      2     131801     129141     132221     131743     131986     131430      4800      5250      5050      5700      5100      5012                           0
[2023-06-23 12:49:47,550]57 root - INFO -Test DataFrame Head :
      ID  LIMIT_BAL  SEX  EDUCATION  MARRIAGE  AGE  PAY_0  PAY_2  PAY_3  PAY_4  PAY_5  PAY_6  BILL_AMT1  BILL_AMT2  BILL_AMT3  BILL_AMT4  BILL_AMT5  BILL_AMT6  PAY_AMT1  PAY_AMT2  PAY_AMT3  PAY_AMT4  PAY_AMT5  PAY_AMT6  default payment next month
0  21180     230000    1          3         2   32     -1     -1     -1     -1     -1      0        326        326        326        326        677        351       326       326       326       677         0       514                           0
1   1742     180000    1          1         2   33     -1     -1     -1     -1     -1     -1       2217          0       8264          0       3278          0         0      8264         0      3278         0      4646                           0
2  18941     150000    2          1         2   28      1     -1     -1     -1     -1      0        -89      13894      24782       1927       8200       3867     13983     24831      2358      8210        19         0                           0
3  16513     100000    1          2         1   24      2      2      2      2      2      2      10618      13233      13427      13609      14683      15001      2800       700       700      1300       700       700                           1
4   9767     360000    1          1         1   49      1     -1     -1     -1     -1     -1         -3        630       1019        320       5817        907       633      1030       321      5846       911      6965                           0
[2023-06-23 12:49:47,550]59 root - INFO -Obtaining Preprocessing object 
[2023-06-23 12:49:47,550]26 root - INFO -Data Tranformation is initiated
[2023-06-23 12:49:47,550]31 root - INFO -Pipeline Initiated
