[2023-06-23 12:16:01,713]21 root - INFO -Data Ingestion method Starts
[2023-06-23 12:16:04,084]25 root - INFO -Dataset read as pandas DataFrame
[2023-06-23 12:16:04,393]29 root - INFO -Train test split
[2023-06-23 12:16:04,613]35 root - INFO -Ingestion of data is completed
[2023-06-23 12:16:04,764]52 root - INFO -Read train and test data is completed 
[2023-06-23 12:16:04,771]53 root - INFO -Train DataFrame Head :
      ID  LIMIT_BAL  SEX  EDUCATION  MARRIAGE  AGE  PAY_0  PAY_2  PAY_3  PAY_4  PAY_5  PAY_6  BILL_AMT1  BILL_AMT2  BILL_AMT3  BILL_AMT4  BILL_AMT5  BILL_AMT6  PAY_AMT1  PAY_AMT2  PAY_AMT3  PAY_AMT4  PAY_AMT5  PAY_AMT6  default payment next month
0  23010      90000    2          2         1   43     -2     -2     -2     -2     -2     -2          0          0          0          0          0          0         0         0         0         0         0         0                           0
1  10110     360000    2          1         2   44      0      0      0      0      0      0     347696     329864     322159     289377     146946     130085     20000     20009     30000     10000     10000     10000                           0
2  14216     450000    1          1         1   41     -1     -1     -2     -2     -2     -2        560          0          0          0          0          0         0         0         0         0         0      2274                           0
3    764      90000    2          3         2   29     -1      2     -1     -1     -1     -2      19450       3123       2121       3113          0          0         0      3509      3113         0         0         0                           0
4  29697     320000    1          1         1   40     -2     -2     -2     -2     -2     -2        968       6444      23384       4310       5980      13522      6476     23507      4336      6010     13589      3574                           0
[2023-06-23 12:16:04,776]54 root - INFO -Test DataFrame Head :
      ID  LIMIT_BAL  SEX  EDUCATION  MARRIAGE  AGE  PAY_0  PAY_2  PAY_3  PAY_4  PAY_5  PAY_6  BILL_AMT1  BILL_AMT2  BILL_AMT3  BILL_AMT4  BILL_AMT5  BILL_AMT6  PAY_AMT1  PAY_AMT2  PAY_AMT3  PAY_AMT4  PAY_AMT5  PAY_AMT6  default payment next month
0  16813     100000    1          2         1   40      2      2      2      2      2      0      70762      69025      74489      78660      76797      78404         0      6600      6000         0      3000      3100                           1
1  29883      20000    1          3         2   49      0      0      0     -2     -2     -2      16787      18464          0          0          0          0      2074         0         0         0         0         0                           0
2  16701     120000    1          3         1   39     -1      2      2      0      0      3      12190      13091      12591      17366      22064      21432      1400         0      5000      5000         0         0                           1
3  28963     100000    2          1         1   36     -1     -1     -1     -1     -1     -1        905       3450       1195       2775        890       2117      3450      1195      2775       890      2117      1072                           0
4  22601     180000    2          6         2   47      0      0      0      0      0      0     167915     163279     166994     150812     123957      55778      6028      7758      5188      4570      1876      1701                           1
[2023-06-23 12:16:04,776]56 root - INFO -Obtaining Preprocessing object 
[2023-06-23 12:16:04,776]26 root - INFO -Data Tranformation is initiated
[2023-06-23 12:16:04,776]28 root - INFO -Pipeline Initiated
