[2023-06-23 12:52:56,277]21 root - INFO -Data Ingestion method Starts
[2023-06-23 12:52:57,653]27 root - INFO -Dataset read as pandas DataFrame
[2023-06-23 12:52:57,760]31 root - INFO -Train test split
[2023-06-23 12:52:57,878]37 root - INFO -Ingestion of data is completed
[2023-06-23 12:52:57,967]55 root - INFO -Read train and test data is completed 
[2023-06-23 12:52:57,971]56 root - INFO -Train DataFrame Head :
      ID  LIMIT_BAL  SEX  EDUCATION  MARRIAGE  AGE  PAY_0  PAY_2  PAY_3  PAY_4  PAY_5  PAY_6  BILL_AMT1  BILL_AMT2  BILL_AMT3  BILL_AMT4  BILL_AMT5  BILL_AMT6  PAY_AMT1  PAY_AMT2  PAY_AMT3  PAY_AMT4  PAY_AMT5  PAY_AMT6  default payment next month
0  16107      60000    2          2         2   42      0      0      0      0      0      0      60902      61078      61160      61055      60895      61587      2350      2532      2510      3250      2900      2630                           1
1  17999      80000    1          1         2   33     -2     -1      2      0      0      0     251594     264594       4374       5495       5902       6804     13000         0      1200       500      1000      1000                           0
2  13688     320000    1          1         2   34     -1     -1     -1     -1     -1     -1        744       2291       2197       3934       5541       3141      2297      2203      3957      5557      3150      3056                           0
3  20452      90000    1          2         2   25      0      0     -1     -1      0     -1       2381       2908       1051       2422       1051       1051      1800      1052      2422         0      1051     83573                           0
4  12846      90000    1          2         1   42      2      2      2      2      2      0      95773      95489      94681      93965      90545      90529      4000      3500      3500         0      3500      4200                           0
[2023-06-23 12:52:57,975]57 root - INFO -Test DataFrame Head :
      ID  LIMIT_BAL  SEX  EDUCATION  MARRIAGE  AGE  PAY_0  PAY_2  PAY_3  PAY_4  PAY_5  PAY_6  BILL_AMT1  BILL_AMT2  BILL_AMT3  BILL_AMT4  BILL_AMT5  BILL_AMT6  PAY_AMT1  PAY_AMT2  PAY_AMT3  PAY_AMT4  PAY_AMT5  PAY_AMT6  default payment next month
0  22879     290000    2          2         2   34      2      2      2      2      2      2     219757     214747     227698     232468     227226     241556         0     18000     10000         0     18000         0                           1
1  28757     500000    2          2         2   48     -1      0      0      0      0      0      30252      47506      28171      26498      45212      35223     38009     28005     22000     33000     22000     10000                           0
2  22794     500000    2          1         1   34      0      0      0      0      0      0     250263     247516     245012     243417     233968     209220     29000     29000     30000     30000      6110      6200                           0
3  20538     360000    1          2         2   28     -1     -1     -1     -1     -1     -1       7156       9780       6672      11201       9718       8781      9849      6712     11244      9747      8806     11872                           0
4   3255      10000    2          2         2   40      0      0      0      0      0      0       6160       6787       7377       7127       6931       6660      1123      1103       243       296       280        16                           0
[2023-06-23 12:52:57,975]59 root - INFO -Obtaining Preprocessing object 
[2023-06-23 12:52:57,975]26 root - INFO -Data Tranformation is initiated
[2023-06-23 12:52:57,975]31 root - INFO -Pipeline Initiated
[2023-06-23 12:52:58,042]77 root - INFO -Applying preprocesssing object on training and testing datasets. 
[2023-06-23 12:52:58,045]84 root - INFO -Preprocessor Pickele file saved
