[2023-06-23 12:26:19,267]21 root - INFO -Data Ingestion method Starts
[2023-06-23 12:26:21,849]27 root - INFO -Dataset read as pandas DataFrame
[2023-06-23 12:26:22,020]31 root - INFO -Train test split
[2023-06-23 12:26:22,284]37 root - INFO -Ingestion of data is completed
[2023-06-23 12:26:22,381]55 root - INFO -Read train and test data is completed 
[2023-06-23 12:26:22,387]56 root - INFO -Train DataFrame Head :
      ID  LIMIT_BAL  SEX  EDUCATION  MARRIAGE  AGE  PAY_0  PAY_2  PAY_3  PAY_4  PAY_5  PAY_6  BILL_AMT1  BILL_AMT2  BILL_AMT3  BILL_AMT4  BILL_AMT5  BILL_AMT6  PAY_AMT1  PAY_AMT2  PAY_AMT3  PAY_AMT4  PAY_AMT5  PAY_AMT6  default payment next month
0   5070     150000    1          2         1   35     -1     -1     -1     -1     -1     -1       4030        592       2483       4556       1606       2047       593      2490      4573      1610      2053      4349                           0
1  11568     360000    2          1         1   32     -1     -1     -1     -1     -1     -1      39587      17900       5307      23102      64617      10542     18011      5307     23102     64617     10542      9702                           0
2  22636     300000    2          2         2   47      0      0      0      0      0      0     225542     212958     195533      98158      66438      68863      7055      5536      5052      1794      5000      2000                           0
3  25260      50000    2          2         2   24      2      2      2      2      2      2      41500      39938      41688      45625      45907      44662         0      2700      4960      1700         0      3000                           1
4   3810      80000    2          1         2   40      0      0      0      0      0      0      27432      27902      28447      23537       7613       3356      1833      1378      1328       195       269        56                           0
[2023-06-23 12:26:22,436]57 root - INFO -Test DataFrame Head :
      ID  LIMIT_BAL  SEX  EDUCATION  MARRIAGE  AGE  PAY_0  PAY_2  PAY_3  PAY_4  PAY_5  PAY_6  BILL_AMT1  BILL_AMT2  BILL_AMT3  BILL_AMT4  BILL_AMT5  BILL_AMT6  PAY_AMT1  PAY_AMT2  PAY_AMT3  PAY_AMT4  PAY_AMT5  PAY_AMT6  default payment next month
0  12960     150000    2          3         1   25      0      0      0      0      0      0      29823      25968      24823      22908      19325      12854      1630      7000      5000      3000       257     40825                           0
1  28567     190000    2          1         2   40      0      0      0      0      0      0     122308     124332     126944     130606     131120     133774      4445      5000      6171      4536      5150      5000                           0
2  18095      20000    1          1         2   42      3      2      2      3      3      3       1050       1050       1050       1050       1050       1050         0         0         0         0         0         0                           1
3   9111     380000    1          1         1   46      2      2      2      2      2      2      88069      90418      88327      92492      94617      96579      4400         0      6300      3500      3400         0                           1
4  15796      70000    2          2         2   25      0      0      0      0      2      2      73939      70488      51152      35122      28633      28039      3000      2000      4500      1200         0      1200                           1
[2023-06-23 12:26:22,436]59 root - INFO -Obtaining Preprocessing object 
[2023-06-23 12:26:22,436]26 root - INFO -Data Tranformation is initiated
[2023-06-23 12:26:22,437]31 root - INFO -Pipeline Initiated
