[2023-06-23 12:20:17,670]21 root - INFO -Data Ingestion method Starts
[2023-06-23 12:20:20,117]25 root - INFO -Dataset read as pandas DataFrame
[2023-06-23 12:20:20,276]29 root - INFO -Train test split
[2023-06-23 12:20:20,518]35 root - INFO -Ingestion of data is completed
[2023-06-23 12:20:20,630]53 root - INFO -Read train and test data is completed 
[2023-06-23 12:20:20,635]54 root - INFO -Train DataFrame Head :
      ID  LIMIT_BAL  SEX  EDUCATION  MARRIAGE  AGE  PAY_0  PAY_2  PAY_3  PAY_4  PAY_5  PAY_6  BILL_AMT1  BILL_AMT2  BILL_AMT3  BILL_AMT4  BILL_AMT5  BILL_AMT6  PAY_AMT1  PAY_AMT2  PAY_AMT3  PAY_AMT4  PAY_AMT5  PAY_AMT6  default payment next month
0  18273     330000    1          3         1   56     -1     -1      2     -1     -1      0        360       1499        360        360       7143       5725      1499         0       360      7143      3000      2383                           0
1   6368     180000    2          2         1   37      1     -2     -1      0      0      0      -1279      -2329       2115       2329        850          0         0      4444       214         0         0         0                           0
2   9960      80000    2          2         2   50      0      0     -1     -1     -1     -1       8985       5305       2992       2984       2992       2992      2000      2992      2984      3000      2992      2992                           0
3   3749      80000    1          2         2   32      0      0      0      0      0     -1      81115      77649      40630      23697       6557      32763      5000      1200         0      5000     37000      3000                           0
4  25845      20000    2          2         1   48      1     -2     -2     -2     -2     -2          0          0          0          0          0          0         0         0         0         0         0         0                           1
[2023-06-23 12:20:20,684]55 root - INFO -Test DataFrame Head :
      ID  LIMIT_BAL  SEX  EDUCATION  MARRIAGE  AGE  PAY_0  PAY_2  PAY_3  PAY_4  PAY_5  PAY_6  BILL_AMT1  BILL_AMT2  BILL_AMT3  BILL_AMT4  BILL_AMT5  BILL_AMT6  PAY_AMT1  PAY_AMT2  PAY_AMT3  PAY_AMT4  PAY_AMT5  PAY_AMT6  default payment next month
0  27674      50000    2          1         2   24      0      0      2      0      0      0      48483      52167      51052      50116      20181      19702      4500         0      2000     19000      1000       800                           1
1   1682     150000    2          2         2   29      0      0     -1      0      0      0       3559       4724       2629       2584       1371          0      1222      2634      1008       506         0         0                           0
2   4249      90000    1          3         1   42      2      2      2      3      3      3      48674      49895      52570      53614      54534      53374      2300      4116      2500      2052         0         0                           0
3  23282      30000    2          3         2   44      0      0      3      2      2      2      21007      27506      26784      28123      27994      27029      7200         0      2100      1000         0      3000                           0
4   5427      50000    2          2         1   49     -1     -1     -1     -1     -1     -1      12515       9115       1198        198       1198      11198      9115      1198       198      1198     11198     29358                           1
[2023-06-23 12:20:20,684]57 root - INFO -Obtaining Preprocessing object 
[2023-06-23 12:20:20,685]26 root - INFO -Data Tranformation is initiated
[2023-06-23 12:20:20,685]45 root - INFO -Error in Data Transformtion
