[2023-06-23 12:28:51,465]21 root - INFO -Data Ingestion method Starts
[2023-06-23 12:28:54,053]27 root - INFO -Dataset read as pandas DataFrame
[2023-06-23 12:28:54,249]31 root - INFO -Train test split
[2023-06-23 12:28:54,434]37 root - INFO -Ingestion of data is completed
[2023-06-23 12:28:54,503]55 root - INFO -Read train and test data is completed 
[2023-06-23 12:28:54,507]56 root - INFO -Train DataFrame Head :
      ID  LIMIT_BAL  SEX  EDUCATION  MARRIAGE  AGE  PAY_0  PAY_2  PAY_3  PAY_4  PAY_5  PAY_6  BILL_AMT1  BILL_AMT2  BILL_AMT3  BILL_AMT4  BILL_AMT5  BILL_AMT6  PAY_AMT1  PAY_AMT2  PAY_AMT3  PAY_AMT4  PAY_AMT5  PAY_AMT6  default payment next month
0   6744      50000    2          2         1   41      0      0      0      0      0      0      46965      42713      33812      20483      19409      19318      1650      1317       698       693      1000       545                           0
1  12136     340000    2          2         2   25      1     -2     -2     -1     -1     -1          0          0          0       1888       4777       4752         0         0      1888      4777      4752      1888                           0
2  20034      20000    2          2         1   32      1      2      0      0      0      0      18931      18329      19441      20113      19864      15424         0      1414      1146       729       970         0                           0
3  21727      50000    2          1         2   22      2      2      0      0      0      0      50345      49245      50061      37766      29433      27537         0      1728      1730      1015      1000      1001                           1
4  18369      30000    2          2         2   22      0      0      0      2      2      2      26568      27556      29963      28835      30174      28603      1762      3500         0      2297        40      1755                           1
[2023-06-23 12:28:54,547]57 root - INFO -Test DataFrame Head :
      ID  LIMIT_BAL  SEX  EDUCATION  MARRIAGE  AGE  PAY_0  PAY_2  PAY_3  PAY_4  PAY_5  PAY_6  BILL_AMT1  BILL_AMT2  BILL_AMT3  BILL_AMT4  BILL_AMT5  BILL_AMT6  PAY_AMT1  PAY_AMT2  PAY_AMT3  PAY_AMT4  PAY_AMT5  PAY_AMT6  default payment next month
0   7287      80000    1          1         2   26      0      0      0      0      0      0      77397      77839      69534      60747      52280      43461      3328      2811      1192      1516      2316      1500                           0
1   1500      20000    1          1         2   27      1      2     -1     -1      0      0       6274       5971       3980       9040       9040          0         0      4000      9040         0         0     17291                           0
2  27301     150000    1          2         1   48      0      0      0      0      0      0     118610     121098     123460      66902      68230      69661      4955      4947      3818      2442      2530      2538                           0
3    271     100000    1          3         2   32      0      0      0      0      0      0      70003      31545      20974      19713      19848      18126      2035      2004       616      2007      1009      2015                           0
4   6904      80000    2          2         2   24      1     -2     -2     -1     -1     -1          0        159          0        110       -390       1104       159         0       110       390      1884         0                           1
[2023-06-23 12:28:54,547]59 root - INFO -Obtaining Preprocessing object 
[2023-06-23 12:28:54,547]26 root - INFO -Data Tranformation is initiated
[2023-06-23 12:28:54,547]31 root - INFO -Pipeline Initiated
